

Started GET "/" for 127.0.0.1 at 2015-12-01 00:17:05 +0000
Processing by CaptchaController#index as HTML
  Rendered captcha/index.html.erb within layouts/application (8.2ms)
Completed 200 OK in 150ms (Views: 149.3ms | ActiveRecord: 0.0ms)


Started GET "/assets/application.self-8f06a73c35179188914ab50e057157639fce1401c1cdca640ac9cec33746fc5b.js?body=1" for 127.0.0.1 at 2015-12-01 00:17:05 +0000


Started GET "/" for 127.0.0.1 at 2015-12-01 00:17:06 +0000
Processing by CaptchaController#index as HTML
  Rendered captcha/index.html.erb within layouts/application (0.6ms)
Completed 200 OK in 7ms (Views: 6.7ms | ActiveRecord: 0.0ms)


Started POST "/captchas" for 127.0.0.1 at 2015-12-01 00:17:24 +0000
Processing by CaptchaController#create as HTML
  Parameters: {"utf8"=>"✓", "authenticity_token"=>"zfmCMhL6UFFw22BuTjnN8G2y+6txru2Kvp7bGCN5IejMUtW9wXiQc4EXAaQ4F4dCqnTloeoOk22k37StwZfnmA==", "g-recaptcha-response"=>"", "commit"=>"Save changes"}
  Rendered text template (0.0ms)
Completed 200 OK in 599ms (Views: 1.0ms | ActiveRecord: 0.0ms)


Started GET "/captchas" for 127.0.0.1 at 2015-12-01 00:17:31 +0000

ActionController::RoutingError (No route matches [GET] "/captchas"):
  actionpack (4.2.5) lib/action_dispatch/middleware/debug_exceptions.rb:21:in `call'
  actionpack (4.2.5) lib/action_dispatch/middleware/show_exceptions.rb:30:in `call'
  railties (4.2.5) lib/rails/rack/logger.rb:38:in `call_app'
  railties (4.2.5) lib/rails/rack/logger.rb:20:in `block in call'
  activesupport (4.2.5) lib/active_support/tagged_logging.rb:68:in `block in tagged'
  activesupport (4.2.5) lib/active_support/tagged_logging.rb:26:in `tagged'
  activesupport (4.2.5) lib/active_support/tagged_logging.rb:68:in `tagged'
  railties (4.2.5) lib/rails/rack/logger.rb:20:in `call'
  actionpack (4.2.5) lib/action_dispatch/middleware/request_id.rb:21:in `call'
  rack (1.6.4) lib/rack/methodoverride.rb:22:in `call'
  rack (1.6.4) lib/rack/runtime.rb:18:in `call'
  activesupport (4.2.5) lib/active_support/cache/strategy/local_cache_middleware.rb:28:in `call'
  rack (1.6.4) lib/rack/lock.rb:17:in `call'
  actionpack (4.2.5) lib/action_dispatch/middleware/static.rb:116:in `call'
  rack (1.6.4) lib/rack/sendfile.rb:113:in `call'
  railties (4.2.5) lib/rails/engine.rb:518:in `call'
  railties (4.2.5) lib/rails/application.rb:165:in `call'
  rack (1.6.4) lib/rack/lock.rb:17:in `call'
  rack (1.6.4) lib/rack/content_length.rb:15:in `call'
  rack (1.6.4) lib/rack/handler/webrick.rb:88:in `service'
  /Users/peterpih/.rbenv/versions/2.2.3/lib/ruby/2.2.0/webrick/httpserver.rb:138:in `service'
  /Users/peterpih/.rbenv/versions/2.2.3/lib/ruby/2.2.0/webrick/httpserver.rb:94:in `run'
  /Users/peterpih/.rbenv/versions/2.2.3/lib/ruby/2.2.0/webrick/server.rb:294:in `block in start_thread'


  Rendered /Users/peterpih/.rbenv/versions/2.2.3/lib/ruby/gems/2.2.0/gems/actionpack-4.2.5/lib/action_dispatch/middleware/templates/rescues/_trace.html.erb (1.8ms)
  Rendered /Users/peterpih/.rbenv/versions/2.2.3/lib/ruby/gems/2.2.0/gems/actionpack-4.2.5/lib/action_dispatch/middleware/templates/routes/_route.html.erb (0.6ms)
  Rendered /Users/peterpih/.rbenv/versions/2.2.3/lib/ruby/gems/2.2.0/gems/actionpack-4.2.5/lib/action_dispatch/middleware/templates/routes/_table.html.erb (8.1ms)
  Rendered /Users/peterpih/.rbenv/versions/2.2.3/lib/ruby/gems/2.2.0/gems/actionpack-4.2.5/lib/action_dispatch/middleware/templates/rescues/_request_and_response.html.erb (1.1ms)
  Rendered /Users/peterpih/.rbenv/versions/2.2.3/lib/ruby/gems/2.2.0/gems/actionpack-4.2.5/lib/action_dispatch/middleware/templates/rescues/routing_error.html.erb within rescues/layout (68.6ms)


Started GET "/" for 127.0.0.1 at 2015-12-01 00:17:32 +0000
Processing by CaptchaController#index as HTML
  Rendered captcha/index.html.erb within layouts/application (0.5ms)
Completed 200 OK in 7ms (Views: 6.6ms | ActiveRecord: 0.0ms)


Started GET "/" for 127.0.0.1 at 2015-12-01 00:17:34 +0000
Processing by CaptchaController#index as HTML
  Rendered captcha/index.html.erb within layouts/application (0.7ms)
Completed 200 OK in 8ms (Views: 7.5ms | ActiveRecord: 0.0ms)


Started POST "/captchas" for 127.0.0.1 at 2015-12-01 00:17:52 +0000
Processing by CaptchaController#create as HTML
  Parameters: {"utf8"=>"✓", "authenticity_token"=>"ux/Ts6ZgMWQV3gkvfpy7lcvJY2/00MkZQL4Gd1JnuNK6tIQ8deLxRuQSaOUIsvEnDA99ZW9wt/5a/2nCsIl+og==", "g-recaptcha-response"=>"03AHJ_VustHajp8qC9dF7u3xhHYb0_t9Eer-1r2nSpKaC_9D3WeTfRGq7hqzp6Gy8Oovc5W_ANeOTniZF9M2XwhyZhiyTWJ_LB4qUNlyJj8-uSSxdtZmAVFtFyEl5Ck3YpaXk_efsiFZHWATWn603mr8tFB356gYNzh-Jm4CoxWztongqvC_LM82N4wc-jsdIyYJ2gwLtxlFgUCe-sZy3Ivf4fqa1KN8uZ7l41CUvsd-BA8lv56ow6NHZZbyFH_uqqf9gLCiQ7SpR9YrJ3VoeRPTQNPD5nkgZMFleNGmDtAcsALmqVT_RImDOREOoCl6bZYVjGluewHJlHFhcnFZq-pPv9aYXCbFKEFfSH3nsEihMTSJVOL-dRZeXDbF_qrzBmOH91RVZ4xnH7vDT-9nYEAaDBInwZgHOtWPpCVRXzcq0AUeKFfokjEUpX5jwrrwFQ9vCN6wa2oAyt09JcUajkbRjAVUuowmhDjoc1ciwa1tQd2w2JTmusttu1R4a80GxhUFBlOgNiRCHQSiV1N52rdx9IeaMQ7neJ35eDjJlylinP7odcCI-V6JwAIvsQxvSGR3nO4lMn9pbXBb5aBHBx94k-YSpIVbWHdI6ZRBVUJV2OwjuoJLDT-WS8DfVGCkH-322qNxk0ceUhBVZZugtmxDO4_Z9wMPz_Fdb6gVPo_uqYP7lpeN0D66tomQ232eBZk_f2u46sUGeJmD1MDYuJqYgFy8nA2lzsQUu9IRFURLULHo4-ArVbzu9GPvw061istAoOzxO5oLJnlwIXLTAeU0dhveuzRwN-uYc9SxXZGegnN4OB5OZgVqsf64u6tudG2Cej5dUszAaNzubOs4VnT83vkj2Rt0BNip3b81eMJkCuQ_rzLM8pDZzKeUuYYL536AHT3drxhcAUJW3wxPyyoPEBxpE6qSLalOkGRmJBGSYuw_IDqtvfeY8bB2dgwx8ZFm9I1gSCsGWQT_J16bdqmTMxbF0zgtNGlQ", "commit"=>"Save changes"}
  Rendered text template (0.0ms)
Completed 200 OK in 205ms (Views: 0.3ms | ActiveRecord: 0.0ms)


Started GET "/" for 127.0.0.1 at 2015-12-02 08:23:48 +0000
Processing by CaptchaController#index as HTML
  Rendered captcha/index.html.erb within layouts/application (8.5ms)
Completed 200 OK in 134ms (Views: 134.1ms | ActiveRecord: 0.0ms)


Started POST "/captchas" for 127.0.0.1 at 2015-12-02 08:23:59 +0000
Processing by CaptchaController#create as HTML
  Parameters: {"utf8"=>"✓", "authenticity_token"=>"SQuIKKwiqKQmMbyc5awXKu9SZedKV5LSY8Tii3lzbDVIoN+nf6Bohtf93VaTgl2YKJR77dH37DV5hY0+m52qRQ==", "g-recaptcha-response"=>"03AHJ_VutxTpXNkWE7FibzDd2Enlh5ueyTVuIy0I9LPg5orRmHUH_PLCnyqiJ7dtxFEooad80e5VVhT5Ibm_ENon6biYUb5BWW0qTS-yNG72h-TNVLElUIj1cEcb33K899GIpJ36RyWm-qcsButHiKYCg2iUWHcusM7h8rzYtbSQ6sKOFeoUZk7onKTPM7nQI0-glvtqJwmIZqNN-k6suM1Jv4J0HyxWC4sefD1swBASEsKi_MkaYHy8seXyaB5A4GfxHJmJAwodAu1gr3zGPFFSBV3raXl0wBrnERVSUX4hF-JlWu8Ra3brY19qj9uxveFrX2baJpNfTmoar_8doXm3tdc9WD9diulDbFXUsMKww_EgyvUZ637IwGDAjGphWEBf65hRh5VpiqlGGo4WlUsKwKs9hr_sz3JWYaL2ONLVISsu4S2UpiGEdKUDmCgp31t_l9dywIZbje7PGsdfrD-BWcPljOhkUyP6FRY0DyVT0bGKIBGMwM9MD0SjqdwOBPQlaszl3IKGw95eKpLzUm_yBa2IOAbPQZ4X31-od3A934bVnKI6sW1raTVZtKj8PXWtQJLIcMwAReGWVc8PsIu9tCiotLGo1vlRUfQ8612XhTD3N37mpcN4VArq3A71LpWbCYgjF66xND2UdbMev0r7Yxcxs6ubYfoV837fx1v4hyl-f5f4CHWCZPgluqcDT8KfyoilOI9bkoHmoFr8E9dnq7q1p-29gkGPtYOSwajEMUOzh3t7S4utbCLnlitETT3oMyMfWlGdu__31JwicN4qPRr2ELfiBH71IWMwFp0jzXosjO5ko2LSO66T6CU3euBskBv9iYW9MWKQhWfk8uIEAJe1IwtFBP2PNeaEdEAGmOLCDszH-sbbf5oZD8OgMIZPZWkq6SdvmAG-Od3Bc7pfsRBWmaLGzEtStcldaKKFqkOdQHVIjr49OWjsyMVBOVEb4r3G304n-9", "commit"=>"Save changes"}
  Rendered text template (0.0ms)
Completed 200 OK in 633ms (Views: 3.3ms | ActiveRecord: 0.0ms)


Started GET "/" for 127.0.0.1 at 2015-12-02 08:24:19 +0000
Processing by CaptchaController#index as HTML
  Rendered captcha/index.html.erb within layouts/application (0.6ms)
Completed 200 OK in 7ms (Views: 6.9ms | ActiveRecord: 0.0ms)


Started GET "/" for 127.0.0.1 at 2015-12-02 08:24:46 +0000
Processing by CaptchaController#index as HTML
  Rendered captcha/index.html.erb within layouts/application (0.5ms)
Completed 200 OK in 6ms (Views: 6.0ms | ActiveRecord: 0.0ms)


Started POST "/captchas" for 127.0.0.1 at 2015-12-02 08:24:49 +0000
Processing by CaptchaController#create as HTML
  Parameters: {"utf8"=>"✓", "authenticity_token"=>"oKol+rwfVcpKHcGYQVgUbedZk8kUFsuTWLb10QghamehAXJ1b52V6LvRoFI3dl7fIJ+Nw4+2tXRC95pk6s+sFw==", "g-recaptcha-response"=>"", "commit"=>"Save changes"}
  Rendered text template (0.0ms)
Completed 200 OK in 191ms (Views: 0.3ms | ActiveRecord: 0.0ms)
